{"level":"info","message":"Listening on port 27017...","timestamp":"2019-10-14T07:22:45.182Z"}
{"level":"info","message":"Listening on port 27017...","timestamp":"2019-10-14T07:24:08.953Z"}
{"level":"info","message":"Ecoute sur le port 27017...","timestamp":"2019-10-14T07:24:47.465Z"}
{"level":"info","message":"Ecoute sur le port 27017...","timestamp":"2019-10-14T07:28:40.772Z"}
{"level":"info","message":"Connecté à mongodb+srv://oclockteam:oclock2019@borisdoyeproject-yznva.mongodb.net/test?retryWrites=true&w=majority...","timestamp":"2019-10-14T07:28:41.166Z"}
{"level":"info","message":"Ecoute sur le port 27017...","timestamp":"2019-10-14T07:31:43.836Z"}
{"level":"info","message":"Ecoute sur le port 27017...","timestamp":"2019-10-14T07:32:15.405Z"}
{"level":"info","message":"Connecté à mongodb+srv://oclockteam:oclock2019@borisdoyeproject-yznva.mongodb.net/test?retryWrites=true&w=majority...","timestamp":"2019-10-14T07:32:15.799Z"}
{"level":"info","message":"Ecoute sur le port 27017...","timestamp":"2019-10-14T07:34:54.671Z"}
{"level":"info","message":"Connecté à mongodb+srv://oclockteam:oclock2019@borisdoyeproject-yznva.mongodb.net/test?retryWrites=true&w=majority...","timestamp":"2019-10-14T07:34:55.116Z"}
{"level":"info","message":"Ecoute sur le port 27017...","timestamp":"2019-10-14T08:36:35.370Z"}
{"level":"info","message":"Connecté à mongodb+srv://oclockteam:oclock2019@borisdoyeproject-yznva.mongodb.net/test?retryWrites=true&w=majority...","timestamp":"2019-10-14T08:36:35.878Z"}
{"level":"info","message":"Ecoute sur le port 27017...","timestamp":"2019-10-14T10:03:39.539Z"}
{"level":"info","message":"Connecté à mongodb+srv://oclockteam:oclock2019@borisdoyeproject-yznva.mongodb.net/test?retryWrites=true&w=majority...","timestamp":"2019-10-14T10:03:40.112Z"}
{"level":"info","message":"Ecoute sur le port 27017...","timestamp":"2019-10-14T10:06:31.753Z"}
{"level":"info","message":"Connecté à mongodb+srv://oclockteam:oclock2019@borisdoyeproject-yznva.mongodb.net/test?retryWrites=true&w=majority...","timestamp":"2019-10-14T10:06:32.223Z"}
{"level":"info","message":"Ecoute sur le port 27017...","timestamp":"2019-10-14T10:08:47.903Z"}
{"level":"info","message":"Connecté à mongodb+srv://oclockteam:oclock2019@borisdoyeproject-yznva.mongodb.net/boris_doye_database?retryWrites=true&w=majority...","timestamp":"2019-10-14T10:08:48.332Z"}
{"level":"info","message":"Ecoute sur le port 27017...","timestamp":"2019-10-14T10:29:36.769Z"}
{"level":"info","message":"Connecté à mongodb+srv://oclockteam:oclock2019@borisdoyeproject-yznva.mongodb.net/boris_doye_database?retryWrites=true&w=majority...","timestamp":"2019-10-14T10:29:37.240Z"}
{"level":"info","message":"Ecoute sur le port 27017...","timestamp":"2019-10-14T10:35:15.045Z"}
{"level":"info","message":"Connecté à mongodb+srv://oclockteam:oclock2019@borisdoyeproject-yznva.mongodb.net/boris_doye_database?retryWrites=true&w=majority...","timestamp":"2019-10-14T10:35:15.533Z"}
{"level":"info","message":"Ecoute sur le port 27017...","timestamp":"2019-10-15T13:06:50.251Z"}
{"level":"info","message":"Connecté à mongodb+srv://oclockteam:oclock2019@borisdoyeproject-yznva.mongodb.net/boris_doye_database?retryWrites=true&w=majority...","timestamp":"2019-10-15T13:06:50.725Z"}
{"level":"info","message":"Ecoute sur le port 27017...","timestamp":"2019-10-15T13:33:06.527Z"}
{"level":"info","message":"Connecté à mongodb+srv://oclockteam:oclock2019@borisdoyeproject-yznva.mongodb.net/boris_doye_database?retryWrites=true&w=majority...","timestamp":"2019-10-15T13:33:07.037Z"}
{"level":"info","message":"Ecoute sur le port 27017...","timestamp":"2019-10-15T14:58:36.095Z"}
{"level":"info","message":"Connecté à mongodb+srv://oclockteam:oclock2019@borisdoyeproject-yznva.mongodb.net/boris_doye_database?retryWrites=true&w=majority...","timestamp":"2019-10-15T14:58:37.454Z"}
{"level":"info","message":"Ecoute sur le port 27017...","timestamp":"2019-10-15T15:30:07.302Z"}
{"level":"info","message":"Connecté à mongodb+srv://oclockteam:oclock2019@borisdoyeproject-yznva.mongodb.net/boris_doye_database?retryWrites=true&w=majority...","timestamp":"2019-10-15T15:30:07.788Z"}
{"message":"Cast to ObjectId failed for value \"5da5e561f0aee072afdd32a\" at path \"_id\" for model \"Client\"","stack":"CastError: Cast to ObjectId failed for value \"5da5e561f0aee072afdd32a\" at path \"_id\" for model \"Client\"\n    at new CastError (/var/www/html/React/Projet/Api-Projet/node_modules/mongoose/lib/error/cast.js:29:11)\n    at ObjectId.cast (/var/www/html/React/Projet/Api-Projet/node_modules/mongoose/lib/schema/objectid.js:244:11)\n    at ObjectId.SchemaType.applySetters (/var/www/html/React/Projet/Api-Projet/node_modules/mongoose/lib/schematype.js:948:12)\n    at ObjectId.SchemaType._castForQuery (/var/www/html/React/Projet/Api-Projet/node_modules/mongoose/lib/schematype.js:1362:15)\n    at ObjectId.SchemaType.castForQuery (/var/www/html/React/Projet/Api-Projet/node_modules/mongoose/lib/schematype.js:1352:15)\n    at ObjectId.SchemaType.castForQueryWrapper (/var/www/html/React/Projet/Api-Projet/node_modules/mongoose/lib/schematype.js:1331:15)\n    at cast (/var/www/html/React/Projet/Api-Projet/node_modules/mongoose/lib/cast.js:307:32)\n    at model.Query.Query.cast (/var/www/html/React/Projet/Api-Projet/node_modules/mongoose/lib/query.js:4644:12)\n    at model.Query.Query._castConditions (/var/www/html/React/Projet/Api-Projet/node_modules/mongoose/lib/query.js:1842:10)\n    at model.Query.<anonymous> (/var/www/html/React/Projet/Api-Projet/node_modules/mongoose/lib/query.js:2097:8)\n    at model.Query._wrappedThunk [as _findOne] (/var/www/html/React/Projet/Api-Projet/node_modules/mongoose/lib/helpers/query/wrapThunk.js:16:8)\n    at process.nextTick (/var/www/html/React/Projet/Api-Projet/node_modules/kareem/index.js:369:33)\n    at _combinedTickCallback (internal/process/next_tick.js:131:7)\n    at process._tickCallback (internal/process/next_tick.js:180:9)","name":"CastError","stringValue":"\"5da5e561f0aee072afdd32a\"","kind":"ObjectId","value":"5da5e561f0aee072afdd32a","path":"_id","level":"error","timestamp":"2019-10-15T15:36:56.677Z"}
{"level":"info","message":"Ecoute sur le port 27017...","timestamp":"2019-10-15T15:52:29.992Z"}
{"level":"info","message":"Connecté à mongodb+srv://oclockteam:oclock2019@borisdoyeproject-yznva.mongodb.net/boris_doye_database?retryWrites=true&w=majority...","timestamp":"2019-10-15T15:52:31.145Z"}
{"message":"Cannot read property '_id' of undefined","stack":"TypeError: Cannot read property '_id' of undefined\n    at router.get (/var/www/html/React/Projet/Api-Projet/routes/users.js:9:45)\n    at /var/www/html/React/Projet/Api-Projet/node_modules/express-async-errors/index.js:17:20\n    at Layer.handle [as handle_request] (/var/www/html/React/Projet/Api-Projet/node_modules/express/lib/router/layer.js:95:5)\n    at next (/var/www/html/React/Projet/Api-Projet/node_modules/express/lib/router/route.js:137:13)\n    at module.exports (/var/www/html/React/Projet/Api-Projet/middleware/auth.js:5:43)\n    at /var/www/html/React/Projet/Api-Projet/node_modules/express-async-errors/index.js:17:20\n    at Layer.handle [as handle_request] (/var/www/html/React/Projet/Api-Projet/node_modules/express/lib/router/layer.js:95:5)\n    at next (/var/www/html/React/Projet/Api-Projet/node_modules/express/lib/router/route.js:137:13)\n    at Route.dispatch (/var/www/html/React/Projet/Api-Projet/node_modules/express/lib/router/route.js:112:3)\n    at /var/www/html/React/Projet/Api-Projet/node_modules/express-async-errors/index.js:17:20\n    at Layer.handle [as handle_request] (/var/www/html/React/Projet/Api-Projet/node_modules/express/lib/router/layer.js:95:5)\n    at /var/www/html/React/Projet/Api-Projet/node_modules/express/lib/router/index.js:281:22\n    at Function.process_params (/var/www/html/React/Projet/Api-Projet/node_modules/express/lib/router/index.js:335:12)\n    at next (/var/www/html/React/Projet/Api-Projet/node_modules/express/lib/router/index.js:275:10)\n    at Function.handle (/var/www/html/React/Projet/Api-Projet/node_modules/express/lib/router/index.js:174:3)\n    at router (/var/www/html/React/Projet/Api-Projet/node_modules/express/lib/router/index.js:47:12)","level":"error","timestamp":"2019-10-15T15:58:26.078Z"}
{"message":"Cannot read property '_id' of undefined","stack":"TypeError: Cannot read property '_id' of undefined\n    at router.get (/var/www/html/React/Projet/Api-Projet/routes/users.js:9:45)\n    at /var/www/html/React/Projet/Api-Projet/node_modules/express-async-errors/index.js:17:20\n    at Layer.handle [as handle_request] (/var/www/html/React/Projet/Api-Projet/node_modules/express/lib/router/layer.js:95:5)\n    at next (/var/www/html/React/Projet/Api-Projet/node_modules/express/lib/router/route.js:137:13)\n    at module.exports (/var/www/html/React/Projet/Api-Projet/middleware/auth.js:5:43)\n    at /var/www/html/React/Projet/Api-Projet/node_modules/express-async-errors/index.js:17:20\n    at Layer.handle [as handle_request] (/var/www/html/React/Projet/Api-Projet/node_modules/express/lib/router/layer.js:95:5)\n    at next (/var/www/html/React/Projet/Api-Projet/node_modules/express/lib/router/route.js:137:13)\n    at Route.dispatch (/var/www/html/React/Projet/Api-Projet/node_modules/express/lib/router/route.js:112:3)\n    at /var/www/html/React/Projet/Api-Projet/node_modules/express-async-errors/index.js:17:20\n    at Layer.handle [as handle_request] (/var/www/html/React/Projet/Api-Projet/node_modules/express/lib/router/layer.js:95:5)\n    at /var/www/html/React/Projet/Api-Projet/node_modules/express/lib/router/index.js:281:22\n    at Function.process_params (/var/www/html/React/Projet/Api-Projet/node_modules/express/lib/router/index.js:335:12)\n    at next (/var/www/html/React/Projet/Api-Projet/node_modules/express/lib/router/index.js:275:10)\n    at Function.handle (/var/www/html/React/Projet/Api-Projet/node_modules/express/lib/router/index.js:174:3)\n    at router (/var/www/html/React/Projet/Api-Projet/node_modules/express/lib/router/index.js:47:12)","level":"error","timestamp":"2019-10-15T15:58:42.189Z"}
{"level":"info","message":"Ecoute sur le port 27017...","timestamp":"2019-10-15T16:06:47.169Z"}
{"level":"info","message":"Connecté à mongodb+srv://oclockteam:oclock2019@borisdoyeproject-yznva.mongodb.net/boris_doye_database?retryWrites=true&w=majority...","timestamp":"2019-10-15T16:06:48.330Z"}
